2024-02-29 20:25:36,435 - connection - INFO - Connection failed: 2026 (HY000): SSL connection error: error:0A000102:SSL routines::unsupported protocol. Retrying (1/2)...
2024-02-29 20:25:38,889 - connection - INFO - Connection failed: 2026 (HY000): SSL connection error: error:0A000102:SSL routines::unsupported protocol. Retrying (2/2)...
2024-02-29 20:25:43,345 - connection - INFO - Failed to connect, exiting without a connection: 2026 (HY000): SSL connection error: error:0A000102:SSL routines::unsupported protocol
2024-02-29 20:25:52,030 - connection - INFO - Connection failed: 2026 (HY000): SSL connection error: error:0A000102:SSL routines::unsupported protocol. Retrying (1/2)...
2024-02-29 20:25:54,461 - connection - INFO - Connection failed: 2026 (HY000): SSL connection error: error:0A000102:SSL routines::unsupported protocol. Retrying (2/2)...
2024-02-29 20:25:58,914 - connection - INFO - Failed to connect, exiting without a connection: 2026 (HY000): SSL connection error: error:0A000102:SSL routines::unsupported protocol
2024-02-29 20:26:05,185 - connection - INFO - Connection failed: 2026 (HY000): SSL connection error: error:0A000102:SSL routines::unsupported protocol. Retrying (1/2)...
2024-02-29 20:26:07,630 - connection - INFO - Connection failed: 2026 (HY000): SSL connection error: error:0A000102:SSL routines::unsupported protocol. Retrying (2/2)...
2024-02-29 20:26:12,159 - connection - INFO - Failed to connect, exiting without a connection: 2026 (HY000): SSL connection error: error:0A000102:SSL routines::unsupported protocol
2024-02-29 20:28:01,589 - connection - INFO - Connection failed: 2026 (HY000): SSL connection error: error:0A000102:SSL routines::unsupported protocol. Retrying (1/2)...
2024-02-29 20:28:04,018 - connection - INFO - Connection failed: 2026 (HY000): SSL connection error: error:0A000102:SSL routines::unsupported protocol. Retrying (2/2)...
2024-02-29 20:28:08,464 - connection - INFO - Failed to connect, exiting without a connection: 2026 (HY000): SSL connection error: error:0A000102:SSL routines::unsupported protocol
2024-02-29 20:29:34,873 - connection - INFO - Connection failed: 2026 (HY000): SSL connection error: error:0A000102:SSL routines::unsupported protocol. Retrying (1/2)...
2024-02-29 20:29:37,315 - connection - INFO - Connection failed: 2026 (HY000): SSL connection error: error:0A000102:SSL routines::unsupported protocol. Retrying (2/2)...
2024-02-29 20:29:41,764 - connection - INFO - Failed to connect, exiting without a connection: 2026 (HY000): SSL connection error: error:0A000102:SSL routines::unsupported protocol
2024-02-29 20:31:12,057 - connection - INFO - Connection failed: 2026 (HY000): SSL connection error: error:0A000102:SSL routines::unsupported protocol. Retrying (1/2)...
2024-02-29 20:31:14,488 - connection - INFO - Connection failed: 2026 (HY000): SSL connection error: error:0A000102:SSL routines::unsupported protocol. Retrying (2/2)...
2024-02-29 20:31:18,934 - connection - INFO - Failed to connect, exiting without a connection: 2026 (HY000): SSL connection error: error:0A000102:SSL routines::unsupported protocol
2024-02-29 20:31:54,127 - connection - INFO - Connection failed: 2026 (HY000): SSL connection error: error:0A000102:SSL routines::unsupported protocol. Retrying (1/2)...
2024-02-29 20:31:56,567 - connection - INFO - Connection failed: 2026 (HY000): SSL connection error: error:0A000102:SSL routines::unsupported protocol. Retrying (2/2)...
2024-02-29 20:32:01,025 - connection - INFO - Failed to connect, exiting without a connection: 2026 (HY000): SSL connection error: error:0A000102:SSL routines::unsupported protocol
2024-02-29 20:34:21,728 - connection - INFO - Connection failed: 2026 (HY000): SSL connection error: error:0A000102:SSL routines::unsupported protocol. Retrying (1/2)...
2024-02-29 20:35:44,373 - connection - INFO - Falha na conexão: 2026 (HY000): SSL connection error: error:0A000102:SSL routines::unsupported protocol. Tentando novamente (1/3)...
2024-02-29 20:35:46,804 - connection - INFO - Falha na conexão: 2026 (HY000): SSL connection error: error:0A000102:SSL routines::unsupported protocol. Tentando novamente (2/3)...
2024-02-29 20:35:51,345 - connection - INFO - Falha na conexão, saindo sem uma conexão: 2026 (HY000): SSL connection error: error:0A000102:SSL routines::unsupported protocol
2024-02-29 20:36:21,398 - connection - INFO - Falha na conexão: 2026 (HY000): SSL connection error: error:0A000102:SSL routines::unsupported protocol. Tentando novamente (1/3)...
2024-02-29 20:36:23,837 - connection - INFO - Falha na conexão: 2026 (HY000): SSL connection error: error:0A000102:SSL routines::unsupported protocol. Tentando novamente (2/3)...
2024-02-29 20:36:28,379 - connection - INFO - Falha na conexão, saindo sem uma conexão: 2026 (HY000): SSL connection error: error:0A000102:SSL routines::unsupported protocol
2024-02-29 20:40:23,379 - connection - INFO - Falha na conexão: 2026 (HY000): SSL connection error: error:0A000102:SSL routines::unsupported protocol. Tentando novamente (1/3)...
2024-02-29 20:40:25,809 - connection - INFO - Falha na conexão: 2026 (HY000): SSL connection error: error:0A000102:SSL routines::unsupported protocol. Tentando novamente (2/3)...
2024-02-29 20:40:30,257 - connection - INFO - Falha na conexão, saindo sem uma conexão: 2026 (HY000): SSL connection error: error:0A000102:SSL routines::unsupported protocol
2024-02-29 20:44:34,252 - connection - INFO - Falha na conexão: 2026 (HY000): SSL connection error: error:0A000102:SSL routines::unsupported protocol. Tentando novamente (1/3)...
2024-02-29 20:44:36,686 - connection - INFO - Falha na conexão: 2026 (HY000): SSL connection error: error:0A000102:SSL routines::unsupported protocol. Tentando novamente (2/3)...
2024-02-29 20:44:41,148 - connection - INFO - Falha na conexão, saindo sem uma conexão: 2026 (HY000): SSL connection error: error:0A000102:SSL routines::unsupported protocol
2024-02-29 20:45:48,334 - connection - INFO - Falha na conexão: 2026 (HY000): SSL connection error: error:0A000102:SSL routines::unsupported protocol. Tentando novamente (1/3)...
2024-02-29 20:45:50,786 - connection - INFO - Falha na conexão: 2026 (HY000): SSL connection error: error:0A000102:SSL routines::unsupported protocol. Tentando novamente (2/3)...
2024-02-29 20:45:55,234 - connection - INFO - Falha na conexão, saindo sem uma conexão: 2026 (HY000): SSL connection error: error:0A000102:SSL routines::unsupported protocol
2024-02-29 20:47:24,049 - connection - INFO - Falha na conexão: 2055: Lost connection to MySQL server at 'app.vidaia.com.br:3306', system error: 1 [SSL: WRONG_VERSION_NUMBER] wrong version number (_ssl.c:1000). Tentando novamente (1/3)...
2024-02-29 20:47:26,602 - connection - INFO - Falha na conexão: 2055: Lost connection to MySQL server at 'app.vidaia.com.br:3306', system error: 1 [SSL: WRONG_VERSION_NUMBER] wrong version number (_ssl.c:1000). Tentando novamente (2/3)...
2024-02-29 20:47:31,194 - connection - INFO - Falha na conexão, saindo sem uma conexão: 2055: Lost connection to MySQL server at 'app.vidaia.com.br:3306', system error: 1 [SSL: WRONG_VERSION_NUMBER] wrong version number (_ssl.c:1000)
2024-02-29 20:49:30,657 - connection - INFO - Falha na conexão: 2055: Lost connection to MySQL server at 'app.vidaia.com.br:3306', system error: 1 [SSL: WRONG_VERSION_NUMBER] wrong version number (_ssl.c:1000). Tentando novamente (1/3)...
2024-02-29 20:49:33,223 - connection - INFO - Falha na conexão: 2055: Lost connection to MySQL server at 'app.vidaia.com.br:3306', system error: 1 [SSL: WRONG_VERSION_NUMBER] wrong version number (_ssl.c:1000). Tentando novamente (2/3)...
2024-02-29 20:49:37,805 - connection - INFO - Falha na conexão, saindo sem uma conexão: 2055: Lost connection to MySQL server at 'app.vidaia.com.br:3306', system error: 1 [SSL: WRONG_VERSION_NUMBER] wrong version number (_ssl.c:1000)
2024-02-29 20:50:50,884 - connection - INFO - Falha na conexão: 2055: Lost connection to MySQL server at 'app.vidaia.com.br:3306', system error: 1 [SSL: WRONG_VERSION_NUMBER] wrong version number (_ssl.c:1000). Tentando novamente (1/3)...
2024-02-29 20:50:53,452 - connection - INFO - Falha na conexão: 2055: Lost connection to MySQL server at 'app.vidaia.com.br:3306', system error: 1 [SSL: WRONG_VERSION_NUMBER] wrong version number (_ssl.c:1000). Tentando novamente (2/3)...
2024-02-29 20:54:16,818 - connection - INFO - Falha na conexão: 2026 (HY000): SSL connection error: error:0A000102:SSL routines::unsupported protocol. Tentando novamente (1/3)...
2024-02-29 20:54:19,247 - connection - INFO - Falha na conexão: 2026 (HY000): SSL connection error: error:0A000102:SSL routines::unsupported protocol. Tentando novamente (2/3)...
